[06/06/2023 19:26:02]: 0:0:0:0:0:0:0:1 got Authorized for /status with code 200
[06/06/2023 19:26:02]: 0:0:0:0:0:0:0:1 got Authorized for /favicon.ico with code 404
[06/06/2023 19:27:05]: 0:0:0:0:0:0:0:1 got Authorized for /status with code 200
[06/06/2023 19:30:48]: 0:0:0:0:0:0:0:1 got Authorized for /status with code 200
[06/06/2023 19:30:49]: 0:0:0:0:0:0:0:1 got Authorized for /favicon.ico with code 404
[06/06/2023 19:31:19]: 0:0:0:0:0:0:0:1 got Authorized for /status with code 200
[06/06/2023 19:31:19]: 0:0:0:0:0:0:0:1 got Authorized for /favicon.ico with code 404
[06/06/2023 19:31:59]: 0:0:0:0:0:0:0:1 got Authorized for /status with code 200
[06/06/2023 19:31:59]: 0:0:0:0:0:0:0:1 got Authorized for /favicon.ico with code 404
[06/06/2023 19:33:56]: 0:0:0:0:0:0:0:1 got Authorized for /status with code 200
[06/06/2023 19:34:29]: 0:0:0:0:0:0:0:1 got Authorized for /status with code 200
[06/06/2023 19:34:29]: 0:0:0:0:0:0:0:1 got Authorized for /favicon.ico with code 404
[06/06/2023 19:35:18]: 0:0:0:0:0:0:0:1 got Authorized for /status with code 200
[06/06/2023 19:35:18]: 0:0:0:0:0:0:0:1 got Authorized for /favicon.ico with code 404
[06/06/2023 19:35:19]: 0:0:0:0:0:0:0:1 got Authorized for /status with code 200
[06/06/2023 19:35:19]: 0:0:0:0:0:0:0:1 got Authorized for /favicon.ico with code 404
[06/06/2023 19:35:19]: 0:0:0:0:0:0:0:1 got Authorized for /status with code 200
[06/06/2023 19:35:20]: 0:0:0:0:0:0:0:1 got Authorized for /favicon.ico with code 404
[06/06/2023 19:35:20]: 0:0:0:0:0:0:0:1 got Authorized for /status with code 200
[06/06/2023 19:35:20]: 0:0:0:0:0:0:0:1 got Authorized for /favicon.ico with code 404
[06/06/2023 19:35:39]: 0:0:0:0:0:0:0:1 got Authorized for /status with code 200
[06/06/2023 19:35:39]: 0:0:0:0:0:0:0:1 got Authorized for /favicon.ico with code 404
[06/06/2023 19:37:04]: 0:0:0:0:0:0:0:1 got Authorized for /status with code 200
[06/06/2023 19:37:04]: 0:0:0:0:0:0:0:1 got Authorized for /favicon.ico with code 404
[06/06/2023 19:37:09]: 0:0:0:0:0:0:0:1 got Authorized for /status with code 200
[06/06/2023 19:37:09]: 0:0:0:0:0:0:0:1 got Authorized for /favicon.ico with code 404
[06/06/2023 19:37:12]: 0:0:0:0:0:0:0:1 got Authorized for /status with code 200
[06/06/2023 19:37:12]: 0:0:0:0:0:0:0:1 got Authorized for /favicon.ico with code 404
[06/06/2023 19:38:02]: 0:0:0:0:0:0:0:1 got Authorized for /status with code 200
[06/06/2023 19:38:03]: 0:0:0:0:0:0:0:1 got Authorized for /favicon.ico with code 404
[06/06/2023 19:38:27]: 0:0:0:0:0:0:0:1 got Authorized for /status with code 200
[06/06/2023 19:38:28]: 0:0:0:0:0:0:0:1 got Authorized for /favicon.ico with code 404
[06/06/2023 19:38:56]: 0:0:0:0:0:0:0:1 got Authorized for /status with code 200
[06/06/2023 19:38:57]: 0:0:0:0:0:0:0:1 got Authorized for /favicon.ico with code 404
[06/06/2023 19:39:39]: 0:0:0:0:0:0:0:1 got Authorized for /status with code 200
[06/06/2023 19:39:40]: 0:0:0:0:0:0:0:1 got Authorized for /favicon.ico with code 404
[06/06/2023 19:39:50]: 0:0:0:0:0:0:0:1 got Authorized for /status with code 200
[06/06/2023 19:39:50]: 0:0:0:0:0:0:0:1 got Authorized for /favicon.ico with code 404
[06/06/2023 19:40:37]: 0:0:0:0:0:0:0:1 got Authorized for /status with code 200
[06/06/2023 19:40:37]: 0:0:0:0:0:0:0:1 got Authorized for /favicon.ico with code 404
[06/06/2023 19:41:46]: 0:0:0:0:0:0:0:1 got Authorized for /status with code 200
[06/06/2023 19:41:46]: 0:0:0:0:0:0:0:1 got Authorized for /favicon.ico with code 404
[06/06/2023 19:43:48]: 0:0:0:0:0:0:0:1 got Authorized for /status with code 200
[06/06/2023 19:43:49]: 0:0:0:0:0:0:0:1 got Authorized for /favicon.ico with code 404
[06/06/2023 19:44:37]: 0:0:0:0:0:0:0:1 got Authorized for /status with code 200
[06/06/2023 19:44:38]: 0:0:0:0:0:0:0:1 got Authorized for /favicon.ico with code 404
[06/06/2023 19:55:20]: 0:0:0:0:0:0:0:1 got Authorized for /bash with code 400
[06/06/2023 19:55:24]: 0:0:0:0:0:0:0:1 got Authorized for /bash with code 400
[06/06/2023 19:55:40]: 0:0:0:0:0:0:0:1 got Authorized for /bash?command=pwd with code 404
[06/06/2023 19:55:55]: 0:0:0:0:0:0:0:1 got Authorized for /bash?command=pwd with code 400
[06/06/2023 19:56:07]: 0:0:0:0:0:0:0:1 got Authorized for  with code 200
[06/06/2023 19:56:07]: 0:0:0:0:0:0:0:1 got Authorized for /favicon.ico with code 404
[06/06/2023 19:56:47]: 0:0:0:0:0:0:0:1 got Authorized for /bash?command=pwd with code 400
[06/06/2023 19:57:07]: 0:0:0:0:0:0:0:1 got Authorized for /bash?command=pwd with code 400
[06/06/2023 19:57:29]: 0:0:0:0:0:0:0:1 got Authorized for /bash?command=pwd with code 400
[06/06/2023 19:57:39]: 0:0:0:0:0:0:0:1 got Authorized for /bash?command=pwd with code 400
[06/06/2023 19:57:42]: 0:0:0:0:0:0:0:1 got Authorized for /bash?command=pwd with code 400
[06/06/2023 19:57:54]: 0:0:0:0:0:0:0:1 got Authorized for /bash?command=pwd with code 200
[06/06/2023 19:57:55]: 0:0:0:0:0:0:0:1 got Authorized for /favicon.ico with code 404
[06/06/2023 19:58:15]: 0:0:0:0:0:0:0:1 got Authorized for /bash?command=ls%20_la with code 200
[06/06/2023 19:58:20]: 0:0:0:0:0:0:0:1 got Authorized for /bash?command=ls%20-la with code 200
[06/06/2023 19:59:24]: 0:0:0:0:0:0:0:1 got Authorized for /py?command=print(%27cc%27) with code 404
[06/06/2023 19:59:37]: 0:0:0:0:0:0:0:1 got Authorized for /py?command=print(%27cc%27) with code 404
[06/06/2023 20:00:23]: 0:0:0:0:0:0:0:1 got Authorized for /py?command=print(%27cc%27) with code 404
[06/06/2023 20:01:21]: 0:0:0:0:0:0:0:1 got Authorized for /py?command=print(%27cc%27) with code 200
[06/06/2023 20:01:21]: 0:0:0:0:0:0:0:1 got Authorized for /favicon.ico with code 404
[06/06/2023 20:03:35]: 0:0:0:0:0:0:0:1 got Authorized for  with code 200
[06/06/2023 20:03:37]: 0:0:0:0:0:0:0:1 got Authorized for /miniWeb.html with code 404
[06/06/2023 20:03:37]: 0:0:0:0:0:0:0:1 got Authorized for /images/n2.jpg with code 404
[06/06/2023 20:03:39]: 0:0:0:0:0:0:0:1 got Authorized for /interpreter.html with code 404
[06/06/2023 20:05:33]: 0:0:0:0:0:0:0:1 got Authorized for /interpreter.html with code 404
[06/06/2023 20:05:34]: 0:0:0:0:0:0:0:1 got Authorized for /favicon.ico with code 404
[06/06/2023 20:07:55]: 0:0:0:0:0:0:0:1 got Authorized for /interpreter.html with code 404
[06/06/2023 20:07:56]: 0:0:0:0:0:0:0:1 got Authorized for /bash?command=echo%20%22Hello%20World%22%0A with code 200
[06/06/2023 20:08:02]: 0:0:0:0:0:0:0:1 got Authorized for /bash?command=echo%20%22Hello%22%0A with code 200
[06/06/2023 20:12:42]: 0:0:0:0:0:0:0:1 got Authorized for /interpreter.html with code 404
[06/06/2023 20:12:42]: 0:0:0:0:0:0:0:1 got Authorized for /favicon.ico with code 404
[06/06/2023 20:12:45]: 0:0:0:0:0:0:0:1 got Authorized for /python?command=echo%20%22Hello%20World%22%0A with code 404
[06/06/2023 20:14:33]: 0:0:0:0:0:0:0:1 got Authorized for /interpreter.html with code 404
[06/06/2023 20:14:34]: 0:0:0:0:0:0:0:1 got Authorized for /favicon.ico with code 404
[06/06/2023 20:14:36]: 0:0:0:0:0:0:0:1 got Authorized for /python?command=echo%20%22Hello%20World%22%0A with code 404
[06/06/2023 20:14:40]: 0:0:0:0:0:0:0:1 got Authorized for /python?command=echo%20%22Hello%20World%22%0A with code 404
[06/06/2023 20:14:50]: 0:0:0:0:0:0:0:1 got Authorized for /interpreter.html with code 404
[06/06/2023 20:14:51]: 0:0:0:0:0:0:0:1 got Authorized for /favicon.ico with code 404
[06/06/2023 20:14:52]: 0:0:0:0:0:0:0:1 got Authorized for /py?command=echo%20%22Hello%20World%22%0A with code 200
[06/06/2023 20:15:29]: 0:0:0:0:0:0:0:1 got Authorized for /interpreter.html with code 404
[06/06/2023 20:15:31]: 0:0:0:0:0:0:0:1 got Authorized for /py?command=print(%22Hello%20World%22)%0A with code 200
[06/06/2023 20:16:00]: 0:0:0:0:0:0:0:1 got Authorized for /interpreter.html with code 404
[06/06/2023 20:16:01]: 0:0:0:0:0:0:0:1 got Authorized for /py?command=print(%22Hello%20World%22) with code 200
[06/06/2023 20:16:13]: 0:0:0:0:0:0:0:1 got Authorized for /py?command=print(%22Hello%20World%22) with code 200
[06/06/2023 20:16:53]: 0:0:0:0:0:0:0:1 got Authorized for /py?command=print(%27Hello%20World%27) with code 200
[06/06/2023 20:16:57]: 0:0:0:0:0:0:0:1 got Authorized for /py?command=print(%22Hello%20World%22) with code 200
[06/06/2023 20:17:14]: 0:0:0:0:0:0:0:1 got Authorized for /interpreter.html with code 404
[06/06/2023 20:17:16]: 0:0:0:0:0:0:0:1 got Authorized for /py?command=print(%22Hello%20World%22)%0A with code 200
[06/06/2023 20:17:24]: 0:0:0:0:0:0:0:1 got Authorized for /py?command=print(%22Hello%20World%22)%0A with code 200
[06/06/2023 20:17:27]: 0:0:0:0:0:0:0:1 got Authorized for /py?command=print(%22Hello%20World%22) with code 200
[06/06/2023 20:18:18]: 0:0:0:0:0:0:0:1 got Authorized for /py?command=print%2722Hello%20World%27) with code 200
[06/06/2023 20:18:40]: 0:0:0:0:0:0:0:1 got Authorized for /py?command=print(%27Hello%20World%27) with code 200
[06/06/2023 20:19:30]: 0:0:0:0:0:0:0:1 got Authorized for /py?command=print(%22Hello%20World%22)%0A with code 200
[06/06/2023 20:19:31]: 0:0:0:0:0:0:0:1 got Authorized for /interpreter.html with code 404
[06/06/2023 20:19:32]: 0:0:0:0:0:0:0:1 got Authorized for /favicon.ico with code 404
[06/06/2023 20:19:32]: 0:0:0:0:0:0:0:1 got Authorized for /py?command=print(%27Hello%20World%27)%0A with code 200
[06/06/2023 20:19:39]: 0:0:0:0:0:0:0:1 got Authorized for /bash?command=echo%20%22Hello%20World%22%0A with code 200
[06/06/2023 20:19:56]: 0:0:0:0:0:0:0:1 got Authorized for /interpreter.html with code 404
[06/06/2023 20:20:00]: 0:0:0:0:0:0:0:1 got Authorized for /bash?command=echo%20%22Hello%20World%22%0A with code 200
[06/06/2023 20:20:02]: 0:0:0:0:0:0:0:1 got Authorized for /py?command=print(%27Hello%20World%27)%0A with code 200
[06/06/2023 20:29:40]: 0:0:0:0:0:0:0:1 got Authorized for  with code 200
[06/06/2023 20:29:40]: 0:0:0:0:0:0:0:1 got Authorized for /favicon.ico with code 404
[06/06/2023 20:29:41]: 0:0:0:0:0:0:0:1 got Authorized for /preinterpr%C3%A9t%C3%A9.html with code 404
[06/06/2023 20:30:01]: 0:0:0:0:0:0:0:1 got Authorized for  with code 200
[06/06/2023 20:30:02]: 0:0:0:0:0:0:0:1 got Authorized for /favicon.ico with code 404
[06/06/2023 20:30:03]: 0:0:0:0:0:0:0:1 got Authorized for /preinterprete.html with code 404
[06/06/2023 20:31:37]: 0:0:0:0:0:0:0:1 got Authorized for /preinterprete.html with code 404
[06/06/2023 20:31:37]: 0:0:0:0:0:0:0:1 got Authorized for /preinterprete.html with code 404
[06/06/2023 20:31:38]: 0:0:0:0:0:0:0:1 got Authorized for /preinterprete.html with code 404
[06/06/2023 20:31:38]: 0:0:0:0:0:0:0:1 got Authorized for /preinterprete.html with code 404
[06/06/2023 20:31:40]: 0:0:0:0:0:0:0:1 got Authorized for /preinterprete.html with code 404
[06/06/2023 20:31:41]: 0:0:0:0:0:0:0:1 got Authorized for /preinterprete.html with code 404
[06/06/2023 20:31:42]: 0:0:0:0:0:0:0:1 got Authorized for /favicon.ico with code 404
[06/06/2023 20:31:47]: 0:0:0:0:0:0:0:1 got Authorized for /interpreter.html with code 404
[06/06/2023 20:31:48]: 0:0:0:0:0:0:0:1 got Authorized for /bash?command=echo%20%22Hello%20World%22%0A with code 200
[06/06/2023 20:31:51]: 0:0:0:0:0:0:0:1 got Authorized for /py?command=print(%27Hello%20World%27)%0A with code 200
[06/06/2023 20:31:56]: 0:0:0:0:0:0:0:1 got Authorized for /py?command=print(%27Hello%20feur%27)%0A with code 200
[06/06/2023 20:32:08]: 0:0:0:0:0:0:0:1 got Authorized for /preinterprete.html with code 404
[06/06/2023 20:32:09]: 0:0:0:0:0:0:0:1 got Authorized for /preinterprete.html with code 404
[06/06/2023 20:32:10]: 0:0:0:0:0:0:0:1 got Authorized for /preinterprete.html with code 404
[06/06/2023 20:32:10]: 0:0:0:0:0:0:0:1 got Authorized for /preinterprete.html with code 404
[06/06/2023 20:32:11]: 0:0:0:0:0:0:0:1 got Authorized for /preinterprete.html with code 404
[06/06/2023 20:32:11]: 0:0:0:0:0:0:0:1 got Authorized for /preinterprete.html with code 404
[06/06/2023 20:32:12]: 0:0:0:0:0:0:0:1 got Authorized for /preinterprete.html with code 404
[06/06/2023 20:32:12]: 0:0:0:0:0:0:0:1 got Authorized for /preinterprete.html with code 404
[06/06/2023 20:32:12]: 0:0:0:0:0:0:0:1 got Authorized for /preinterprete.html with code 404
[06/06/2023 20:32:12]: 0:0:0:0:0:0:0:1 got Authorized for /preinterprete.html with code 404
[06/06/2023 20:32:12]: 0:0:0:0:0:0:0:1 got Authorized for /preinterprete.html with code 404
[06/06/2023 20:32:12]: 0:0:0:0:0:0:0:1 got Authorized for /preinterprete.html with code 404
[06/06/2023 20:32:12]: 0:0:0:0:0:0:0:1 got Authorized for /preinterprete.html with code 404
[06/06/2023 20:32:13]: 0:0:0:0:0:0:0:1 got Authorized for /preinterprete.html with code 404
[06/06/2023 20:38:52]: 0:0:0:0:0:0:0:1 got Authorized for /preinterprete.html with code 404
[06/06/2023 20:38:52]: 0:0:0:0:0:0:0:1 got Authorized for /preinterprete.html with code 404
[06/06/2023 20:38:53]: 0:0:0:0:0:0:0:1 got Authorized for /preinterprete.html with code 404
[06/06/2023 20:38:56]: 0:0:0:0:0:0:0:1 got Authorized for /images with code 200
[06/06/2023 20:38:57]: 0:0:0:0:0:0:0:1 got Authorized for /images/n2.jpg with code 404
[06/06/2023 20:43:46]: 0:0:0:0:0:0:0:1 got Authorized for /images with code 200
[06/06/2023 20:43:50]: 0:0:0:0:0:0:0:1 got Authorized for /preinterprete.html with code 404
[06/06/2023 20:43:53]: 0:0:0:0:0:0:0:1 got Authorized for /interpreter.html with code 404
[06/06/2023 20:43:55]: 0:0:0:0:0:0:0:1 got Authorized for /bash?command=echo%20%22Hello%20World%22%0A with code 200
[06/06/2023 20:43:56]: 0:0:0:0:0:0:0:1 got Authorized for /py?command=print(%27Hello%20World%27)%0A with code 200
[06/06/2023 20:46:36]: 0:0:0:0:0:0:0:1 got Authorized for /interpreter.html with code 404
[06/06/2023 20:46:37]: 0:0:0:0:0:0:0:1 got Authorized for /favicon.ico with code 404
[06/06/2023 20:46:39]: 0:0:0:0:0:0:0:1 got Authorized for /py?command=print(%27Hello%20World%27)%0A with code 200
[06/06/2023 20:46:40]: 0:0:0:0:0:0:0:1 got Authorized for /bash?command=echo%20%22Hello%20World%22%0A with code 200
[06/06/2023 20:46:45]: 0:0:0:0:0:0:0:1 got Authorized for /preinterprete.html with code 404
[06/06/2023 20:46:47]: 0:0:0:0:0:0:0:1 got Authorized for /preinterprete.html with code 404
[06/06/2023 20:46:47]: 0:0:0:0:0:0:0:1 got Authorized for /preinterprete.html with code 404
[06/06/2023 20:46:49]: 0:0:0:0:0:0:0:1 got Authorized for /index.html with code 404
[06/06/2023 20:46:53]: 0:0:0:0:0:0:0:1 got Authorized for /miniWeb.html with code 404
[06/06/2023 20:46:53]: 0:0:0:0:0:0:0:1 got Authorized for /images/n2.jpg with code 404
[06/06/2023 20:46:57]: 0:0:0:0:0:0:0:1 got Authorized for /technique.html with code 404
[06/06/2023 20:46:57]: 0:0:0:0:0:0:0:1 got Authorized for /images/l1.gif with code 404
[07/06/2023 10:11:28]: 0:0:0:0:0:0:0:1 got Authorized for  with code 200
[07/06/2023 10:11:28]: 0:0:0:0:0:0:0:1 got Authorized for  with code 200
[07/06/2023 10:11:28]: 0:0:0:0:0:0:0:1 got Authorized for /favicon.ico with code 404
[07/06/2023 10:11:30]: 0:0:0:0:0:0:0:1 got Authorized for /images with code 200
[07/06/2023 10:11:31]: 0:0:0:0:0:0:0:1 got Authorized for /images/n2.jpg with code 404
[07/06/2023 10:11:33]: 0:0:0:0:0:0:0:1 got Authorized for /images/n2.jpg with code 404
[07/06/2023 10:11:35]: 0:0:0:0:0:0:0:1 got Authorized for /images/l1.gif with code 404
[07/06/2023 10:16:54]: 0:0:0:0:0:0:0:1 got Authorized for /images/l1.gif with code 404
[07/06/2023 10:25:19]: 0:0:0:0:0:0:0:1 got Authorized for /images with code 200
[07/06/2023 10:25:20]: 0:0:0:0:0:0:0:1 got Authorized for /images/n2.jpg with code 404
[07/06/2023 10:27:48]: 0:0:0:0:0:0:0:1 got Authorized for /miniWeb.html with code 404
[07/06/2023 10:27:48]: 0:0:0:0:0:0:0:1 got Authorized for /images/n2.jpg with code 404
[07/06/2023 10:27:51]: 0:0:0:0:0:0:0:1 got Authorized for /interpreter.html with code 404
[07/06/2023 10:28:13]: 0:0:0:0:0:0:0:1 got Authorized for /bash?command=echo%20%22Hello%20World%22%0A with code 200
[07/06/2023 10:28:18]: 0:0:0:0:0:0:0:1 got Authorized for /py?command=print(%27Hello%20World%27)%0A with code 200
[07/06/2023 12:52:24]: 0:0:0:0:0:0:0:1 got Authorized for  with code 200
[07/06/2023 12:52:24]: 0:0:0:0:0:0:0:1 got Authorized for /favicon.ico with code 404
[07/06/2023 12:52:25]: 0:0:0:0:0:0:0:1 got Authorized for /images with code 200
[07/06/2023 12:53:32]: 0:0:0:0:0:0:0:1 got Authorized for /images/n2.jpg with code 404
[07/06/2023 12:53:38]: 0:0:0:0:0:0:0:1 got Authorized for /images/n2.jpg with code 404
[07/06/2023 12:53:51]: 0:0:0:0:0:0:0:1 got Authorized for /images/n2.jpg with code 404
[07/06/2023 12:54:34]: 0:0:0:0:0:0:0:1 got Authorized for /images/n2.jpg with code 404
[07/06/2023 12:55:17]: 0:0:0:0:0:0:0:1 got Authorized for /miniWeb.html with code 404
[07/06/2023 12:55:17]: 0:0:0:0:0:0:0:1 got Authorized for /images/n2.jpg with code 404
[07/06/2023 12:55:21]: 0:0:0:0:0:0:0:1 got Authorized for /images with code 200
[07/06/2023 12:55:22]: 0:0:0:0:0:0:0:1 got Authorized for /images/l1.gif with code 404
[07/06/2023 12:55:46]: 0:0:0:0:0:0:0:1 got Authorized for /images/l1.gif with code 404
[07/06/2023 12:55:47]: 0:0:0:0:0:0:0:1 got Authorized for /favicon.ico with code 404
[07/06/2023 12:56:57]: 0:0:0:0:0:0:0:1 got Authorized for /images/l1.gif with code 404
